<?xml version="1.0" encoding="UTF-8"?>
<testsuite name="seedu.ultistudent.logic.parser.EditNoteCommandParserTest" tests="2" skipped="0" failures="0" errors="0" timestamp="2019-04-13T20:54:01" hostname="Lees-MBP-3" time="0.002">
  <properties/>
  <testcase name="parse_invalidArgs_throwsParseException" classname="seedu.ultistudent.logic.parser.EditNoteCommandParserTest" time="0.001"/>
  <testcase name="parse_validArgs_returnsSelectCommand" classname="seedu.ultistudent.logic.parser.EditNoteCommandParserTest" time="0.001"/>
  <system-out><![CDATA[]]></system-out>
  <system-err><![CDATA[]]></system-err>
</testsuite>
