<?xml version="1.0" encoding="UTF-8"?>
<testsuite name="seedu.ultistudent.commons.util.ConfigUtilTest" tests="9" skipped="0" failures="0" errors="0" timestamp="2019-04-15T02:56:21" hostname="r-131-100-25-172.comp.nus.edu.sg" time="0.069">
  <properties/>
  <testcase name="read_missingFile_emptyResult" classname="seedu.ultistudent.commons.util.ConfigUtilTest" time="0.008"/>
  <testcase name="read_valuesMissingFromFile_defaultValuesUsed" classname="seedu.ultistudent.commons.util.ConfigUtilTest" time="0.02"/>
  <testcase name="read_null_throwsNullPointerException" classname="seedu.ultistudent.commons.util.ConfigUtilTest" time="0.002"/>
  <testcase name="read_fileInOrder_successfullyRead" classname="seedu.ultistudent.commons.util.ConfigUtilTest" time="0.001"/>
  <testcase name="saveConfig_allInOrder_success" classname="seedu.ultistudent.commons.util.ConfigUtilTest" time="0.019"/>
  <testcase name="read_extraValuesInFile_extraValuesIgnored" classname="seedu.ultistudent.commons.util.ConfigUtilTest" time="0.003"/>
  <testcase name="save_nullConfig_throwsNullPointerException" classname="seedu.ultistudent.commons.util.ConfigUtilTest" time="0.001"/>
  <testcase name="read_notJsonFormat_exceptionThrown" classname="seedu.ultistudent.commons.util.ConfigUtilTest" time="0.006"/>
  <testcase name="save_nullFile_throwsNullPointerException" classname="seedu.ultistudent.commons.util.ConfigUtilTest" time="0.001"/>
  <system-out><![CDATA[]]></system-out>
  <system-err><![CDATA[Apr 15, 2019 10:56:21 AM seedu.ultistudent.commons.util.JsonUtil readJsonFile
INFO: Json file src/test/data/ConfigUtilTest/NonExistentFile.json not found
Apr 15, 2019 10:56:21 AM seedu.ultistudent.commons.util.JsonUtil readJsonFile
WARNING: Error reading from jsonFile file src/test/data/ConfigUtilTest/NotJsonFormatConfig.json: com.fasterxml.jackson.core.JsonParseException: Unrecognized token 'this': was expecting 'null', 'true', 'false' or NaN
 at [Source: this file is not in json format!
; line: 1, column: 5]
]]></system-err>
</testsuite>
