<?xml version="1.0" encoding="UTF-8"?>
<testsuite name="seedu.ultistudent.commons.util.StringUtilTest" tests="8" skipped="0" failures="0" errors="0" timestamp="2019-04-13T20:54:01" hostname="Lees-MBP-3" time="0.011">
  <properties/>
  <testcase name="containsWordIgnoreCase_nullSentence_throwsNullPointerException" classname="seedu.ultistudent.commons.util.StringUtilTest" time="0.002"/>
  <testcase name="isUnsignedPositiveInteger" classname="seedu.ultistudent.commons.util.StringUtilTest" time="0.001"/>
  <testcase name="containsWordIgnoreCase_nullWord_throwsNullPointerException" classname="seedu.ultistudent.commons.util.StringUtilTest" time="0.0"/>
  <testcase name="containsWordIgnoreCase_validInputs_correctResult" classname="seedu.ultistudent.commons.util.StringUtilTest" time="0.001"/>
  <testcase name="containsWordIgnoreCase_emptyWord_throwsIllegalArgumentException" classname="seedu.ultistudent.commons.util.StringUtilTest" time="0.0"/>
  <testcase name="getDetails_exceptionGiven" classname="seedu.ultistudent.commons.util.StringUtilTest" time="0.003"/>
  <testcase name="containsWordIgnoreCase_multipleWords_throwsIllegalArgumentException" classname="seedu.ultistudent.commons.util.StringUtilTest" time="0.0"/>
  <testcase name="getDetails_nullGiven_throwsNullPointerException" classname="seedu.ultistudent.commons.util.StringUtilTest" time="0.001"/>
  <system-out><![CDATA[]]></system-out>
  <system-err><![CDATA[]]></system-err>
</testsuite>
