<?xml version="1.0" encoding="UTF-8"?>
<testsuite name="seedu.ultistudent.model.person.PersonTest" tests="3" skipped="0" failures="0" errors="0" timestamp="2019-04-15T02:56:22" hostname="r-131-100-25-172.comp.nus.edu.sg" time="0.01">
  <properties/>
  <testcase name="equals" classname="seedu.ultistudent.model.person.PersonTest" time="0.001"/>
  <testcase name="asObservableList_modifyList_throwsUnsupportedOperationException" classname="seedu.ultistudent.model.person.PersonTest" time="0.0"/>
  <testcase name="isSamePerson" classname="seedu.ultistudent.model.person.PersonTest" time="0.001"/>
  <system-out><![CDATA[]]></system-out>
  <system-err><![CDATA[]]></system-err>
</testsuite>
