<?xml version="1.0" encoding="UTF-8"?>
<testsuite name="seedu.ultistudent.logic.commands.ClearCommandTest" tests="2" skipped="0" failures="0" errors="0" timestamp="2019-04-13T20:54:01" hostname="Lees-MBP-3" time="0.001">
  <properties/>
  <testcase name="execute_emptyAddressBook_success" classname="seedu.ultistudent.logic.commands.ClearCommandTest" time="0.0"/>
  <testcase name="execute_nonEmptyAddressBook_success" classname="seedu.ultistudent.logic.commands.ClearCommandTest" time="0.001"/>
  <system-out><![CDATA[]]></system-out>
  <system-err><![CDATA[]]></system-err>
</testsuite>
