<?xml version="1.0" encoding="UTF-8"?>
<testsuite name="seedu.ultistudent.logic.parser.AddHomeworkCommandParserTest" tests="4" skipped="0" failures="0" errors="0" timestamp="2019-04-15T02:56:21" hostname="r-131-100-25-172.comp.nus.edu.sg" time="0.023">
  <properties/>
  <testcase name="parse_emptyArgs_throwsParseException" classname="seedu.ultistudent.logic.parser.AddHomeworkCommandParserTest" time="0.004"/>
  <testcase name="parse_invalidMcFormatArgs_throwsParseException" classname="seedu.ultistudent.logic.parser.AddHomeworkCommandParserTest" time="0.0"/>
  <testcase name="parse_validArgs_returnsAddHomeworkCommand" classname="seedu.ultistudent.logic.parser.AddHomeworkCommandParserTest" time="0.019"/>
  <testcase name="parse_invalidDeadlineFormatArgs_throwsParseException" classname="seedu.ultistudent.logic.parser.AddHomeworkCommandParserTest" time="0.0"/>
  <system-out><![CDATA[]]></system-out>
  <system-err><![CDATA[]]></system-err>
</testsuite>
