<?xml version="1.0" encoding="UTF-8"?>
<testsuite name="seedu.ultistudent.model.AddressBookTest" tests="11" skipped="0" failures="0" errors="0" timestamp="2019-04-15T02:56:22" hostname="r-131-100-25-172.comp.nus.edu.sg" time="0.004">
  <properties/>
  <testcase name="getPersonList_modifyList_throwsUnsupportedOperationException" classname="seedu.ultistudent.model.AddressBookTest" time="0.0"/>
  <testcase name="constructor" classname="seedu.ultistudent.model.AddressBookTest" time="0.001"/>
  <testcase name="hasPerson_nullPerson_throwsNullPointerException" classname="seedu.ultistudent.model.AddressBookTest" time="0.0"/>
  <testcase name="hasPerson_personInAddressBook_returnsTrue" classname="seedu.ultistudent.model.AddressBookTest" time="0.0"/>
  <testcase name="addListener_withInvalidationListener_listenerAdded" classname="seedu.ultistudent.model.AddressBookTest" time="0.0"/>
  <testcase name="resetData_null_throwsNullPointerException" classname="seedu.ultistudent.model.AddressBookTest" time="0.0"/>
  <testcase name="removeListener_withInvalidationListener_listenerRemoved" classname="seedu.ultistudent.model.AddressBookTest" time="0.001"/>
  <testcase name="resetData_withValidReadOnlyAddressBook_replacesData" classname="seedu.ultistudent.model.AddressBookTest" time="0.001"/>
  <testcase name="hasPerson_personWithSameIdentityFieldsInAddressBook_returnsTrue" classname="seedu.ultistudent.model.AddressBookTest" time="0.0"/>
  <testcase name="resetData_withDuplicatePersons_throwsDuplicatePersonException" classname="seedu.ultistudent.model.AddressBookTest" time="0.001"/>
  <testcase name="hasPerson_personNotInAddressBook_returnsFalse" classname="seedu.ultistudent.model.AddressBookTest" time="0.0"/>
  <system-out><![CDATA[]]></system-out>
  <system-err><![CDATA[]]></system-err>
</testsuite>
