<?xml version="1.0" encoding="UTF-8"?>
<testsuite name="seedu.ultistudent.logic.commands.AddNoteCommandTest" tests="4" skipped="0" failures="0" errors="0" timestamp="2019-04-15T02:56:22" hostname="r-131-100-25-172.comp.nus.edu.sg" time="0.002">
  <properties/>
  <testcase name="constructor_nullNote_throwsNullPointerException" classname="seedu.ultistudent.logic.commands.AddNoteCommandTest" time="0.0"/>
  <testcase name="equals" classname="seedu.ultistudent.logic.commands.AddNoteCommandTest" time="0.0"/>
  <testcase name="execute_noteAcceptedByModel_addSuccessful" classname="seedu.ultistudent.logic.commands.AddNoteCommandTest" time="0.001"/>
  <testcase name="execute_duplicateNote_throwsCommandException" classname="seedu.ultistudent.logic.commands.AddNoteCommandTest" time="0.0"/>
  <system-out><![CDATA[]]></system-out>
  <system-err><![CDATA[]]></system-err>
</testsuite>
