<?xml version="1.0" encoding="UTF-8"?>
<testsuite name="seedu.ultistudent.model.note.ContentTest" tests="2" skipped="0" failures="0" errors="0" timestamp="2019-04-13T20:54:01" hostname="Lees-MBP-3" time="0.002">
  <properties/>
  <testcase name="isValidNoteContent" classname="seedu.ultistudent.model.note.ContentTest" time="0.001"/>
  <testcase name="constructor_null_throwsNullPointerException" classname="seedu.ultistudent.model.note.ContentTest" time="0.0"/>
  <system-out><![CDATA[]]></system-out>
  <system-err><![CDATA[]]></system-err>
</testsuite>
