<?xml version="1.0" encoding="UTF-8"?>
<testsuite name="seedu.ultistudent.ui.ListElementPointerTest" tests="5" skipped="0" failures="0" errors="0" timestamp="2019-04-13T20:53:57" hostname="Lees-MBP-3" time="0.002">
  <properties/>
  <testcase name="emptyList" classname="seedu.ultistudent.ui.ListElementPointerTest" time="0.0"/>
  <testcase name="equals" classname="seedu.ultistudent.ui.ListElementPointerTest" time="0.0"/>
  <testcase name="constructor_defensiveCopy_backingListUnmodified" classname="seedu.ultistudent.ui.ListElementPointerTest" time="0.0"/>
  <testcase name="multipleElementsList" classname="seedu.ultistudent.ui.ListElementPointerTest" time="0.001"/>
  <testcase name="singleElementList" classname="seedu.ultistudent.ui.ListElementPointerTest" time="0.0"/>
  <system-out><![CDATA[]]></system-out>
  <system-err><![CDATA[]]></system-err>
</testsuite>
