<?xml version="1.0" encoding="UTF-8"?>
<testsuite name="seedu.ultistudent.commons.core.index.IndexTest" tests="3" skipped="0" failures="0" errors="0" timestamp="2019-04-15T02:56:20" hostname="r-131-100-25-172.comp.nus.edu.sg" time="0.001">
  <properties/>
  <testcase name="equals" classname="seedu.ultistudent.commons.core.index.IndexTest" time="0.001"/>
  <testcase name="createZeroBasedIndex" classname="seedu.ultistudent.commons.core.index.IndexTest" time="0.0"/>
  <testcase name="createOneBasedIndex" classname="seedu.ultistudent.commons.core.index.IndexTest" time="0.0"/>
  <system-out><![CDATA[]]></system-out>
  <system-err><![CDATA[]]></system-err>
</testsuite>
