<?xml version="1.0" encoding="UTF-8"?>
<testsuite name="seedu.ultistudent.storage.StorageManagerTest" tests="2" skipped="0" failures="0" errors="0" timestamp="2019-04-13T20:54:01" hostname="Lees-MBP-3" time="0.004">
  <properties/>
  <testcase name="prefsReadSave" classname="seedu.ultistudent.storage.StorageManagerTest" time="0.002"/>
  <testcase name="getAddressBookFilePath" classname="seedu.ultistudent.storage.StorageManagerTest" time="0.0"/>
  <system-out><![CDATA[]]></system-out>
  <system-err><![CDATA[]]></system-err>
</testsuite>
