<?xml version="1.0" encoding="UTF-8"?>
<testsuite name="seedu.ultistudent.logic.parser.AddHomeworkCommandParserTest" tests="4" skipped="0" failures="0" errors="0" timestamp="2019-04-13T20:54:01" hostname="Lees-MBP-3" time="0.012">
  <properties/>
  <testcase name="parse_emptyArgs_throwsParseException" classname="seedu.ultistudent.logic.parser.AddHomeworkCommandParserTest" time="0.001"/>
  <testcase name="parse_invalidMcFormatArgs_throwsParseException" classname="seedu.ultistudent.logic.parser.AddHomeworkCommandParserTest" time="0.0"/>
  <testcase name="parse_validArgs_returnsAddHomeworkCommand" classname="seedu.ultistudent.logic.parser.AddHomeworkCommandParserTest" time="0.009"/>
  <testcase name="parse_invalidDeadlineFormatArgs_throwsParseException" classname="seedu.ultistudent.logic.parser.AddHomeworkCommandParserTest" time="0.001"/>
  <system-out><![CDATA[]]></system-out>
  <system-err><![CDATA[]]></system-err>
</testsuite>
