<?xml version="1.0" encoding="UTF-8"?>
<testsuite name="seedu.ultistudent.storage.JsonUserPrefsStorageTest" tests="9" skipped="0" failures="0" errors="0" timestamp="2019-04-15T02:56:22" hostname="r-131-100-25-172.comp.nus.edu.sg" time="0.04">
  <properties/>
  <testcase name="savePrefs_nullPrefs_throwsNullPointerException" classname="seedu.ultistudent.storage.JsonUserPrefsStorageTest" time="0.003"/>
  <testcase name="readUserPrefs_fileInOrder_successfullyRead" classname="seedu.ultistudent.storage.JsonUserPrefsStorageTest" time="0.01"/>
  <testcase name="readUserPrefs_nullFilePath_throwsNullPointerException" classname="seedu.ultistudent.storage.JsonUserPrefsStorageTest" time="0.001"/>
  <testcase name="readUserPrefs_notJsonFormat_exceptionThrown" classname="seedu.ultistudent.storage.JsonUserPrefsStorageTest" time="0.001"/>
  <testcase name="saveUserPrefs_nullFilePath_throwsNullPointerException" classname="seedu.ultistudent.storage.JsonUserPrefsStorageTest" time="0.0"/>
  <testcase name="readUserPrefs_valuesMissingFromFile_defaultValuesUsed" classname="seedu.ultistudent.storage.JsonUserPrefsStorageTest" time="0.002"/>
  <testcase name="readUserPrefs_missingFile_emptyResult" classname="seedu.ultistudent.storage.JsonUserPrefsStorageTest" time="0.001"/>
  <testcase name="saveUserPrefs_allInOrder_success" classname="seedu.ultistudent.storage.JsonUserPrefsStorageTest" time="0.018"/>
  <testcase name="readUserPrefs_extraValuesInFile_extraValuesIgnored" classname="seedu.ultistudent.storage.JsonUserPrefsStorageTest" time="0.001"/>
  <system-out><![CDATA[]]></system-out>
  <system-err><![CDATA[Apr 15, 2019 10:56:22 AM seedu.ultistudent.commons.util.JsonUtil readJsonFile
WARNING: Error reading from jsonFile file src/test/data/JsonUserPrefsStorageTest/NotJsonFormatUserPrefs.json: com.fasterxml.jackson.core.JsonParseException: Unrecognized token 'Not': was expecting 'null', 'true', 'false' or NaN
 at [Source: Not a json file!
; line: 1, column: 4]
Apr 15, 2019 10:56:22 AM seedu.ultistudent.commons.util.JsonUtil readJsonFile
INFO: Json file src/test/data/JsonUserPrefsStorageTest/NonExistentFile.json not found
]]></system-err>
</testsuite>
