<?xml version="1.0" encoding="UTF-8"?>
<testsuite name="seedu.ultistudent.ui.UiPartTest" tests="8" skipped="0" failures="0" errors="0" timestamp="2019-04-13T20:54:00" hostname="Lees-MBP-3" time="0.037">
  <properties/>
  <testcase name="constructor_validFileUrl_loadsFile" classname="seedu.ultistudent.ui.UiPartTest" time="0.004"/>
  <testcase name="constructor_missingFileUrl_throwsAssertionError" classname="seedu.ultistudent.ui.UiPartTest" time="0.003"/>
  <testcase name="constructor_validFileWithFxRootUrl_loadsFile" classname="seedu.ultistudent.ui.UiPartTest" time="0.004"/>
  <testcase name="constructor_nullFileUrl_throwsNullPointerException" classname="seedu.ultistudent.ui.UiPartTest" time="0.003"/>
  <testcase name="constructor_invalidFileUrl_throwsAssertionError" classname="seedu.ultistudent.ui.UiPartTest" time="0.012"/>
  <testcase name="constructor_invalidFileName_throwsAssertionError" classname="seedu.ultistudent.ui.UiPartTest" time="0.004"/>
  <testcase name="constructor_nullFileName_throwsNullPointerException" classname="seedu.ultistudent.ui.UiPartTest" time="0.001"/>
  <testcase name="constructor_missingFileName_throwsNullPointerException" classname="seedu.ultistudent.ui.UiPartTest" time="0.002"/>
  <system-out><![CDATA[]]></system-out>
  <system-err><![CDATA[]]></system-err>
</testsuite>
