<?xml version="1.0" encoding="UTF-8"?>
<testsuite name="seedu.ultistudent.commons.util.JsonUtilTest" tests="2" skipped="0" failures="0" errors="0" timestamp="2019-04-15T02:56:20" hostname="r-131-100-25-172.comp.nus.edu.sg" time="0.932">
  <properties/>
  <testcase name="deserializeObjectFromJsonFile_noExceptionThrown" classname="seedu.ultistudent.commons.util.JsonUtilTest" time="0.889"/>
  <testcase name="serializeObjectToJsonFile_noExceptionThrown" classname="seedu.ultistudent.commons.util.JsonUtilTest" time="0.042"/>
  <system-out><![CDATA[]]></system-out>
  <system-err><![CDATA[]]></system-err>
</testsuite>
