<?xml version="1.0" encoding="UTF-8"?>
<testsuite name="seedu.ultistudent.commons.util.AppUtilTest" tests="5" skipped="0" failures="0" errors="0" timestamp="2019-04-15T02:56:21" hostname="r-131-100-25-172.comp.nus.edu.sg" time="0.012">
  <properties/>
  <testcase name="getImage_exitingImage" classname="seedu.ultistudent.commons.util.AppUtilTest" time="0.002"/>
  <testcase name="checkArgument_falseWithoutErrorMessage_throwsIllegalArgumentException" classname="seedu.ultistudent.commons.util.AppUtilTest" time="0.001"/>
  <testcase name="getImage_nullGiven_throwsNullPointerException" classname="seedu.ultistudent.commons.util.AppUtilTest" time="0.001"/>
  <testcase name="checkArgument_true_nothingHappens" classname="seedu.ultistudent.commons.util.AppUtilTest" time="0.001"/>
  <testcase name="checkArgument_falseWithErrorMessage_throwsIllegalArgumentException" classname="seedu.ultistudent.commons.util.AppUtilTest" time="0.005"/>
  <system-out><![CDATA[]]></system-out>
  <system-err><![CDATA[]]></system-err>
</testsuite>
