<?xml version="1.0" encoding="UTF-8"?>
<testsuite name="seedu.ultistudent.commons.util.JsonUtilTest" tests="2" skipped="0" failures="0" errors="0" timestamp="2019-04-13T20:54:00" hostname="Lees-MBP-3" time="0.464">
  <properties/>
  <testcase name="deserializeObjectFromJsonFile_noExceptionThrown" classname="seedu.ultistudent.commons.util.JsonUtilTest" time="0.421"/>
  <testcase name="serializeObjectToJsonFile_noExceptionThrown" classname="seedu.ultistudent.commons.util.JsonUtilTest" time="0.042"/>
  <system-out><![CDATA[]]></system-out>
  <system-err><![CDATA[]]></system-err>
</testsuite>
