<?xml version="1.0" encoding="UTF-8"?>
<testsuite name="seedu.ultistudent.commons.util.AppUtilTest" tests="5" skipped="0" failures="0" errors="0" timestamp="2019-04-13T20:54:00" hostname="Lees-MBP-3" time="0.006">
  <properties/>
  <testcase name="getImage_exitingImage" classname="seedu.ultistudent.commons.util.AppUtilTest" time="0.002"/>
  <testcase name="checkArgument_falseWithoutErrorMessage_throwsIllegalArgumentException" classname="seedu.ultistudent.commons.util.AppUtilTest" time="0.0"/>
  <testcase name="getImage_nullGiven_throwsNullPointerException" classname="seedu.ultistudent.commons.util.AppUtilTest" time="0.001"/>
  <testcase name="checkArgument_true_nothingHappens" classname="seedu.ultistudent.commons.util.AppUtilTest" time="0.0"/>
  <testcase name="checkArgument_falseWithErrorMessage_throwsIllegalArgumentException" classname="seedu.ultistudent.commons.util.AppUtilTest" time="0.003"/>
  <system-out><![CDATA[]]></system-out>
  <system-err><![CDATA[]]></system-err>
</testsuite>
