<?xml version="1.0" encoding="UTF-8"?>
<testsuite name="seedu.ultistudent.model.ModelManagerTest" tests="17" skipped="0" failures="0" errors="0" timestamp="2019-04-15T02:56:22" hostname="r-131-100-25-172.comp.nus.edu.sg" time="0.065">
  <properties/>
  <testcase name="setUserPrefs_nullUserPrefs_throwsNullPointerException" classname="seedu.ultistudent.model.ModelManagerTest" time="0.0"/>
  <testcase name="constructor" classname="seedu.ultistudent.model.ModelManagerTest" time="0.0"/>
  <testcase name="hasPerson_nullPerson_throwsNullPointerException" classname="seedu.ultistudent.model.ModelManagerTest" time="0.001"/>
  <testcase name="hasPerson_personInAddressBook_returnsTrue" classname="seedu.ultistudent.model.ModelManagerTest" time="0.0"/>
  <testcase name="setGuiSettings_validGuiSettings_setsGuiSettings" classname="seedu.ultistudent.model.ModelManagerTest" time="0.0"/>
  <testcase name="equals" classname="seedu.ultistudent.model.ModelManagerTest" time="0.001"/>
  <testcase name="setAddressBookFilePath_nullPath_throwsNullPointerException" classname="seedu.ultistudent.model.ModelManagerTest" time="0.007"/>
  <testcase name="deletePerson_personIsSelectedAndSecondPersonInFilteredPersonList_firstPersonSelected" classname="seedu.ultistudent.model.ModelManagerTest" time="0.005"/>
  <testcase name="setSelectedPerson_personInFilteredPersonList_setsSelectedPerson" classname="seedu.ultistudent.model.ModelManagerTest" time="0.0"/>
  <testcase name="setPerson_personIsSelected_selectedPersonUpdated" classname="seedu.ultistudent.model.ModelManagerTest" time="0.001"/>
  <testcase name="setUserPrefs_validUserPrefs_copiesUserPrefs" classname="seedu.ultistudent.model.ModelManagerTest" time="0.006"/>
  <testcase name="setAddressBookFilePath_validPath_setsAddressBookFilePath" classname="seedu.ultistudent.model.ModelManagerTest" time="0.009"/>
  <testcase name="setSelectedPerson_personNotInFilteredPersonList_throwsPersonNotFoundException" classname="seedu.ultistudent.model.ModelManagerTest" time="0.008"/>
  <testcase name="hasPerson_personNotInAddressBook_returnsFalse" classname="seedu.ultistudent.model.ModelManagerTest" time="0.0"/>
  <testcase name="getFilteredPersonList_modifyList_throwsUnsupportedOperationException" classname="seedu.ultistudent.model.ModelManagerTest" time="0.0"/>
  <testcase name="deletePerson_personIsSelectedAndFirstPersonInFilteredPersonList_selectionCleared" classname="seedu.ultistudent.model.ModelManagerTest" time="0.0"/>
  <testcase name="setGuiSettings_nullGuiSettings_throwsNullPointerException" classname="seedu.ultistudent.model.ModelManagerTest" time="0.0"/>
  <system-out><![CDATA[]]></system-out>
  <system-err><![CDATA[]]></system-err>
</testsuite>
