<?xml version="1.0" encoding="UTF-8"?>
<testsuite name="seedu.ultistudent.storage.StorageManagerTest" tests="2" skipped="0" failures="0" errors="0" timestamp="2019-04-15T02:56:22" hostname="r-131-100-25-172.comp.nus.edu.sg" time="0.007">
  <properties/>
  <testcase name="prefsReadSave" classname="seedu.ultistudent.storage.StorageManagerTest" time="0.002"/>
  <testcase name="getAddressBookFilePath" classname="seedu.ultistudent.storage.StorageManagerTest" time="0.003"/>
  <system-out><![CDATA[]]></system-out>
  <system-err><![CDATA[]]></system-err>
</testsuite>
