<?xml version="1.0" encoding="UTF-8"?>
<testsuite name="seedu.ultistudent.model.cap.CapEntryTest" tests="2" skipped="0" failures="0" errors="0" timestamp="2019-04-13T20:54:01" hostname="Lees-MBP-3" time="0.0">
  <properties/>
  <testcase name="equals" classname="seedu.ultistudent.model.cap.CapEntryTest" time="0.0"/>
  <testcase name="isSameCapEntry" classname="seedu.ultistudent.model.cap.CapEntryTest" time="0.0"/>
  <system-out><![CDATA[]]></system-out>
  <system-err><![CDATA[]]></system-err>
</testsuite>
