<?xml version="1.0" encoding="UTF-8"?>
<testsuite name="seedu.ultistudent.commons.util.CollectionUtilTest" tests="3" skipped="0" failures="0" errors="0" timestamp="2019-04-13T20:54:00" hostname="Lees-MBP-3" time="0.002">
  <properties/>
  <testcase name="requireAllNonNullCollection" classname="seedu.ultistudent.commons.util.CollectionUtilTest" time="0.001"/>
  <testcase name="requireAllNonNullVarargs" classname="seedu.ultistudent.commons.util.CollectionUtilTest" time="0.0"/>
  <testcase name="isAnyNonNull" classname="seedu.ultistudent.commons.util.CollectionUtilTest" time="0.0"/>
  <system-out><![CDATA[]]></system-out>
  <system-err><![CDATA[]]></system-err>
</testsuite>
