<?xml version="1.0" encoding="UTF-8"?>
<testsuite name="seedu.ultistudent.model.person.NameContainsKeywordsPredicateTest" tests="3" skipped="0" failures="0" errors="0" timestamp="2019-04-15T02:56:22" hostname="r-131-100-25-172.comp.nus.edu.sg" time="0.005">
  <properties/>
  <testcase name="equals" classname="seedu.ultistudent.model.person.NameContainsKeywordsPredicateTest" time="0.001"/>
  <testcase name="test_nameContainsKeywords_returnsTrue" classname="seedu.ultistudent.model.person.NameContainsKeywordsPredicateTest" time="0.0"/>
  <testcase name="test_nameDoesNotContainKeywords_returnsFalse" classname="seedu.ultistudent.model.person.NameContainsKeywordsPredicateTest" time="0.001"/>
  <system-out><![CDATA[]]></system-out>
  <system-err><![CDATA[]]></system-err>
</testsuite>
