<?xml version="1.0" encoding="UTF-8"?>
<testsuite name="seedu.ultistudent.storage.JsonAdaptedPersonTest" tests="10" skipped="0" failures="0" errors="0" timestamp="2019-04-13T20:54:01" hostname="Lees-MBP-3" time="0.016">
  <properties/>
  <testcase name="toModelType_nullEmail_throwsIllegalValueException" classname="seedu.ultistudent.storage.JsonAdaptedPersonTest" time="0.003"/>
  <testcase name="toModelType_invalidTags_throwsIllegalValueException" classname="seedu.ultistudent.storage.JsonAdaptedPersonTest" time="0.002"/>
  <testcase name="toModelType_nullName_throwsIllegalValueException" classname="seedu.ultistudent.storage.JsonAdaptedPersonTest" time="0.0"/>
  <testcase name="toModelType_invalidAddress_throwsIllegalValueException" classname="seedu.ultistudent.storage.JsonAdaptedPersonTest" time="0.001"/>
  <testcase name="toModelType_invalidPhone_throwsIllegalValueException" classname="seedu.ultistudent.storage.JsonAdaptedPersonTest" time="0.0"/>
  <testcase name="toModelType_invalidName_throwsIllegalValueException" classname="seedu.ultistudent.storage.JsonAdaptedPersonTest" time="0.003"/>
  <testcase name="toModelType_invalidEmail_throwsIllegalValueException" classname="seedu.ultistudent.storage.JsonAdaptedPersonTest" time="0.0"/>
  <testcase name="toModelType_validPersonDetails_returnsPerson" classname="seedu.ultistudent.storage.JsonAdaptedPersonTest" time="0.001"/>
  <testcase name="toModelType_nullAddress_throwsIllegalValueException" classname="seedu.ultistudent.storage.JsonAdaptedPersonTest" time="0.004"/>
  <testcase name="toModelType_nullPhone_throwsIllegalValueException" classname="seedu.ultistudent.storage.JsonAdaptedPersonTest" time="0.001"/>
  <system-out><![CDATA[]]></system-out>
  <system-err><![CDATA[]]></system-err>
</testsuite>
