<?xml version="1.0" encoding="UTF-8"?>
<testsuite name="seedu.ultistudent.logic.commands.ListCommandTest" tests="2" skipped="0" failures="0" errors="0" timestamp="2019-04-15T02:56:22" hostname="r-131-100-25-172.comp.nus.edu.sg" time="0.004">
  <properties/>
  <testcase name="execute_listIsFiltered_showsEverything" classname="seedu.ultistudent.logic.commands.ListCommandTest" time="0.003"/>
  <testcase name="execute_listIsNotFiltered_showsSameList" classname="seedu.ultistudent.logic.commands.ListCommandTest" time="0.001"/>
  <system-out><![CDATA[]]></system-out>
  <system-err><![CDATA[]]></system-err>
</testsuite>
