<?xml version="1.0" encoding="UTF-8"?>
<testsuite name="seedu.ultistudent.commons.util.FileUtilTest" tests="1" skipped="0" failures="0" errors="0" timestamp="2019-04-15T02:56:20" hostname="r-131-100-25-172.comp.nus.edu.sg" time="0.006">
  <properties/>
  <testcase name="isValidPath" classname="seedu.ultistudent.commons.util.FileUtilTest" time="0.006"/>
  <system-out><![CDATA[]]></system-out>
  <system-err><![CDATA[]]></system-err>
</testsuite>
