<?xml version="1.0" encoding="UTF-8"?>
<testsuite name="seedu.ultistudent.logic.commands.AddNoteCommandTest" tests="4" skipped="0" failures="0" errors="0" timestamp="2019-04-13T20:54:01" hostname="Lees-MBP-3" time="0.004">
  <properties/>
  <testcase name="constructor_nullNote_throwsNullPointerException" classname="seedu.ultistudent.logic.commands.AddNoteCommandTest" time="0.001"/>
  <testcase name="equals" classname="seedu.ultistudent.logic.commands.AddNoteCommandTest" time="0.001"/>
  <testcase name="execute_noteAcceptedByModel_addSuccessful" classname="seedu.ultistudent.logic.commands.AddNoteCommandTest" time="0.001"/>
  <testcase name="execute_duplicateNote_throwsCommandException" classname="seedu.ultistudent.logic.commands.AddNoteCommandTest" time="0.001"/>
  <system-out><![CDATA[]]></system-out>
  <system-err><![CDATA[]]></system-err>
</testsuite>
