<?xml version="1.0" encoding="UTF-8"?>
<testsuite name="seedu.ultistudent.ui.StatusBarFooterTest" tests="1" skipped="0" failures="0" errors="0" timestamp="2019-04-15T02:56:08" hostname="r-131-100-25-172.comp.nus.edu.sg" time="0.352">
  <properties/>
  <testcase name="display" classname="seedu.ultistudent.ui.StatusBarFooterTest" time="0.352"/>
  <system-out><![CDATA[]]></system-out>
  <system-err><![CDATA[]]></system-err>
</testsuite>
