<?xml version="1.0" encoding="UTF-8"?>
<testsuite name="seedu.ultistudent.logic.parser.UltiStudentParserTest" tests="11" skipped="0" failures="0" errors="0" timestamp="2019-04-13T20:54:01" hostname="Lees-MBP-3" time="0.006">
  <properties/>
  <testcase name="parseCommand_unrecognisedInput_throwsParseException" classname="seedu.ultistudent.logic.parser.UltiStudentParserTest" time="0.001"/>
  <testcase name="parseCommand_select" classname="seedu.ultistudent.logic.parser.UltiStudentParserTest" time="0.001"/>
  <testcase name="parseCommand_clear" classname="seedu.ultistudent.logic.parser.UltiStudentParserTest" time="0.0"/>
  <testcase name="parseCommand_exit" classname="seedu.ultistudent.logic.parser.UltiStudentParserTest" time="0.001"/>
  <testcase name="parseCommand_find" classname="seedu.ultistudent.logic.parser.UltiStudentParserTest" time="0.0"/>
  <testcase name="parseCommand_help" classname="seedu.ultistudent.logic.parser.UltiStudentParserTest" time="0.0"/>
  <testcase name="parseCommand_list" classname="seedu.ultistudent.logic.parser.UltiStudentParserTest" time="0.0"/>
  <testcase name="parseCommand_redoCommandWord_returnsRedoCommand" classname="seedu.ultistudent.logic.parser.UltiStudentParserTest" time="0.0"/>
  <testcase name="parseCommand_undoCommandWord_returnsUndoCommand" classname="seedu.ultistudent.logic.parser.UltiStudentParserTest" time="0.0"/>
  <testcase name="parseCommand_history" classname="seedu.ultistudent.logic.parser.UltiStudentParserTest" time="0.0"/>
  <testcase name="parseCommand_unknownCommand_throwsParseException" classname="seedu.ultistudent.logic.parser.UltiStudentParserTest" time="0.001"/>
  <system-out><![CDATA[]]></system-out>
  <system-err><![CDATA[]]></system-err>
</testsuite>
