<?xml version="1.0" encoding="UTF-8"?>
<testsuite name="seedu.ultistudent.logic.parser.AddNoteCommandParserTest" tests="4" skipped="0" failures="0" errors="0" timestamp="2019-04-13T20:54:01" hostname="Lees-MBP-3" time="0.012">
  <properties/>
  <testcase name="parse_emptyArgs_throwsParseException" classname="seedu.ultistudent.logic.parser.AddNoteCommandParserTest" time="0.008"/>
  <testcase name="parse_invalidMcFormatArgs_throwsParseException" classname="seedu.ultistudent.logic.parser.AddNoteCommandParserTest" time="0.0"/>
  <testcase name="parse_validArgs_returnsAddNoteCommand" classname="seedu.ultistudent.logic.parser.AddNoteCommandParserTest" time="0.003"/>
  <testcase name="parse_invalidNoteNameFormatArgs_throwsParseException" classname="seedu.ultistudent.logic.parser.AddNoteCommandParserTest" time="0.0"/>
  <system-out><![CDATA[]]></system-out>
  <system-err><![CDATA[]]></system-err>
</testsuite>
