<?xml version="1.0" encoding="UTF-8"?>
<testsuite name="seedu.ultistudent.model.UserPrefsTest" tests="2" skipped="0" failures="0" errors="0" timestamp="2019-04-15T02:56:22" hostname="r-131-100-25-172.comp.nus.edu.sg" time="0.004">
  <properties/>
  <testcase name="setAddressBookFilePath_nullPath_throwsNullPointerException" classname="seedu.ultistudent.model.UserPrefsTest" time="0.001"/>
  <testcase name="setGuiSettings_nullGuiSettings_throwsNullPointerException" classname="seedu.ultistudent.model.UserPrefsTest" time="0.001"/>
  <system-out><![CDATA[]]></system-out>
  <system-err><![CDATA[]]></system-err>
</testsuite>
