<?xml version="1.0" encoding="UTF-8"?>
<testsuite name="seedu.ultistudent.ui.CommandBoxTest" tests="5" skipped="0" failures="0" errors="0" timestamp="2019-04-13T20:53:49" hostname="Lees-MBP-3" time="7.647">
  <properties/>
  <testcase name="handleKeyPress_startingWithUp" classname="seedu.ultistudent.ui.CommandBoxTest" time="2.524"/>
  <testcase name="commandBox_startingWithFailedCommand" classname="seedu.ultistudent.ui.CommandBoxTest" time="1.874"/>
  <testcase name="commandBox_handleKeyPress" classname="seedu.ultistudent.ui.CommandBoxTest" time="0.681"/>
  <testcase name="handleKeyPress_startingWithDown" classname="seedu.ultistudent.ui.CommandBoxTest" time="1.712"/>
  <testcase name="commandBox_startingWithSuccessfulCommand" classname="seedu.ultistudent.ui.CommandBoxTest" time="0.855"/>
  <system-out><![CDATA[]]></system-out>
  <system-err><![CDATA[]]></system-err>
</testsuite>
