<?xml version="1.0" encoding="UTF-8"?>
<testsuite name="seedu.ultistudent.ui.BrowserPanelTest" tests="1" skipped="0" failures="0" errors="0" timestamp="2019-04-13T20:53:57" hostname="Lees-MBP-3" time="0.453">
  <properties/>
  <testcase name="display" classname="seedu.ultistudent.ui.BrowserPanelTest" time="0.453"/>
  <system-out><![CDATA[]]></system-out>
  <system-err><![CDATA[]]></system-err>
</testsuite>
