<?xml version="1.0" encoding="UTF-8"?>
<testsuite name="seedu.ultistudent.commons.util.StringUtilTest" tests="8" skipped="0" failures="0" errors="0" timestamp="2019-04-15T02:56:21" hostname="r-131-100-25-172.comp.nus.edu.sg" time="0.077">
  <properties/>
  <testcase name="containsWordIgnoreCase_nullSentence_throwsNullPointerException" classname="seedu.ultistudent.commons.util.StringUtilTest" time="0.017"/>
  <testcase name="isUnsignedPositiveInteger" classname="seedu.ultistudent.commons.util.StringUtilTest" time="0.015"/>
  <testcase name="containsWordIgnoreCase_nullWord_throwsNullPointerException" classname="seedu.ultistudent.commons.util.StringUtilTest" time="0.001"/>
  <testcase name="containsWordIgnoreCase_validInputs_correctResult" classname="seedu.ultistudent.commons.util.StringUtilTest" time="0.001"/>
  <testcase name="containsWordIgnoreCase_emptyWord_throwsIllegalArgumentException" classname="seedu.ultistudent.commons.util.StringUtilTest" time="0.0"/>
  <testcase name="getDetails_exceptionGiven" classname="seedu.ultistudent.commons.util.StringUtilTest" time="0.015"/>
  <testcase name="containsWordIgnoreCase_multipleWords_throwsIllegalArgumentException" classname="seedu.ultistudent.commons.util.StringUtilTest" time="0.001"/>
  <testcase name="getDetails_nullGiven_throwsNullPointerException" classname="seedu.ultistudent.commons.util.StringUtilTest" time="0.0"/>
  <system-out><![CDATA[]]></system-out>
  <system-err><![CDATA[]]></system-err>
</testsuite>
