<?xml version="1.0" encoding="UTF-8"?>
<testsuite name="seedu.ultistudent.model.note.NoteNameTest" tests="3" skipped="0" failures="0" errors="0" timestamp="2019-04-15T02:56:22" hostname="r-131-100-25-172.comp.nus.edu.sg" time="0.003">
  <properties/>
  <testcase name="isValidNoteName" classname="seedu.ultistudent.model.note.NoteNameTest" time="0.001"/>
  <testcase name="constructor_invalidName_throwsIllegalArgumentException" classname="seedu.ultistudent.model.note.NoteNameTest" time="0.001"/>
  <testcase name="constructor_null_throwsNullPointerException" classname="seedu.ultistudent.model.note.NoteNameTest" time="0.001"/>
  <system-out><![CDATA[]]></system-out>
  <system-err><![CDATA[]]></system-err>
</testsuite>
