<?xml version="1.0" encoding="UTF-8"?>
<testsuite name="seedu.ultistudent.AppParametersTest" tests="3" skipped="0" failures="0" errors="0" timestamp="2019-04-13T20:54:01" hostname="Lees-MBP-3" time="0.002">
  <properties/>
  <testcase name="parse_validConfigPath_success" classname="seedu.ultistudent.AppParametersTest" time="0.0"/>
  <testcase name="parse_nullConfigPath_success" classname="seedu.ultistudent.AppParametersTest" time="0.0"/>
  <testcase name="parse_invalidConfigPath_success" classname="seedu.ultistudent.AppParametersTest" time="0.002"/>
  <system-out><![CDATA[]]></system-out>
  <system-err><![CDATA[Apr 14, 2019 4:54:01 AM seedu.ultistudent.AppParameters parse
WARNING: Invalid config path a?. Using default config path.
]]></system-err>
</testsuite>
