<?xml version="1.0" encoding="UTF-8"?>
<testsuite name="seedu.ultistudent.logic.parser.EditCapEntryCommandParserTest" tests="8" skipped="0" failures="0" errors="0" timestamp="2019-04-15T02:56:21" hostname="r-131-100-25-172.comp.nus.edu.sg" time="0.071">
  <properties/>
  <testcase name="parse_someFieldsSpecified_success" classname="seedu.ultistudent.logic.parser.EditCapEntryCommandParserTest" time="0.011"/>
  <testcase name="parse_oneFieldSpecified_success" classname="seedu.ultistudent.logic.parser.EditCapEntryCommandParserTest" time="0.002"/>
  <testcase name="parse_missingParts_failure" classname="seedu.ultistudent.logic.parser.EditCapEntryCommandParserTest" time="0.001"/>
  <testcase name="parse_invalidPreamble_failure" classname="seedu.ultistudent.logic.parser.EditCapEntryCommandParserTest" time="0.001"/>
  <testcase name="parse_allFieldsSpecified_success" classname="seedu.ultistudent.logic.parser.EditCapEntryCommandParserTest" time="0.025"/>
  <testcase name="parse_invalidValue_failure" classname="seedu.ultistudent.logic.parser.EditCapEntryCommandParserTest" time="0.013"/>
  <testcase name="parse_multipleRepeatedFields_acceptsLast" classname="seedu.ultistudent.logic.parser.EditCapEntryCommandParserTest" time="0.016"/>
  <testcase name="parse_invalidValueFollowedByValidValue_success" classname="seedu.ultistudent.logic.parser.EditCapEntryCommandParserTest" time="0.001"/>
  <system-out><![CDATA[]]></system-out>
  <system-err><![CDATA[]]></system-err>
</testsuite>
