<?xml version="1.0" encoding="UTF-8"?>
<testsuite name="seedu.ultistudent.model.homework.DateTest" tests="3" skipped="0" failures="0" errors="0" timestamp="2019-04-13T20:54:01" hostname="Lees-MBP-3" time="0.009">
  <properties/>
  <testcase name="constructor_invalidDate_throwsIllegalArgumentException" classname="seedu.ultistudent.model.homework.DateTest" time="0.0"/>
  <testcase name="isValidDate" classname="seedu.ultistudent.model.homework.DateTest" time="0.008"/>
  <testcase name="constructor_null_throwsNullPointerException" classname="seedu.ultistudent.model.homework.DateTest" time="0.0"/>
  <system-out><![CDATA[]]></system-out>
  <system-err><![CDATA[]]></system-err>
</testsuite>
