<?xml version="1.0" encoding="UTF-8"?>
<testsuite name="seedu.ultistudent.logic.commands.DeleteHomeworkCommandTest" tests="6" skipped="0" failures="0" errors="0" timestamp="2019-04-13T20:54:01" hostname="Lees-MBP-3" time="0.012">
  <properties/>
  <testcase name="equals" classname="seedu.ultistudent.logic.commands.DeleteHomeworkCommandTest" time="0.0"/>
  <testcase name="execute_invalidIndexUnfilteredList_throwsCommandException" classname="seedu.ultistudent.logic.commands.DeleteHomeworkCommandTest" time="0.0"/>
  <testcase name="executeUndoRedo_validIndexUnfilteredList_success" classname="seedu.ultistudent.logic.commands.DeleteHomeworkCommandTest" time="0.004"/>
  <testcase name="execute_validIndexUnfilteredList_success" classname="seedu.ultistudent.logic.commands.DeleteHomeworkCommandTest" time="0.001"/>
  <testcase name="executeUndoRedo_invalidIndexUnfilteredList_failure" classname="seedu.ultistudent.logic.commands.DeleteHomeworkCommandTest" time="0.001"/>
  <testcase name="execute_invalidIndexFilteredList_throwsCommandException" classname="seedu.ultistudent.logic.commands.DeleteHomeworkCommandTest" time="0.003"/>
  <system-out><![CDATA[]]></system-out>
  <system-err><![CDATA[]]></system-err>
</testsuite>
