<?xml version="1.0" encoding="UTF-8"?>
<testsuite name="seedu.ultistudent.ui.CommandBoxTest" tests="5" skipped="0" failures="0" errors="0" timestamp="2019-04-15T02:56:08" hostname="r-131-100-25-172.comp.nus.edu.sg" time="7.587">
  <properties/>
  <testcase name="handleKeyPress_startingWithUp" classname="seedu.ultistudent.ui.CommandBoxTest" time="2.553"/>
  <testcase name="commandBox_startingWithFailedCommand" classname="seedu.ultistudent.ui.CommandBoxTest" time="1.813"/>
  <testcase name="commandBox_handleKeyPress" classname="seedu.ultistudent.ui.CommandBoxTest" time="0.648"/>
  <testcase name="handleKeyPress_startingWithDown" classname="seedu.ultistudent.ui.CommandBoxTest" time="1.703"/>
  <testcase name="commandBox_startingWithSuccessfulCommand" classname="seedu.ultistudent.ui.CommandBoxTest" time="0.869"/>
  <system-out><![CDATA[]]></system-out>
  <system-err><![CDATA[]]></system-err>
</testsuite>
