<?xml version="1.0" encoding="UTF-8"?>
<testsuite name="seedu.ultistudent.logic.commands.HelpCommandTest" tests="1" skipped="0" failures="0" errors="0" timestamp="2019-04-13T20:54:01" hostname="Lees-MBP-3" time="0.0">
  <properties/>
  <testcase name="execute_help_success" classname="seedu.ultistudent.logic.commands.HelpCommandTest" time="0.0"/>
  <system-out><![CDATA[]]></system-out>
  <system-err><![CDATA[]]></system-err>
</testsuite>
