<?xml version="1.0" encoding="UTF-8"?>
<testsuite name="seedu.ultistudent.commons.core.ConfigTest" tests="2" skipped="0" failures="0" errors="0" timestamp="2019-04-13T20:54:00" hostname="Lees-MBP-3" time="0.001">
  <properties/>
  <testcase name="equalsMethod" classname="seedu.ultistudent.commons.core.ConfigTest" time="0.0"/>
  <testcase name="toString_defaultObject_stringReturned" classname="seedu.ultistudent.commons.core.ConfigTest" time="0.001"/>
  <system-out><![CDATA[]]></system-out>
  <system-err><![CDATA[]]></system-err>
</testsuite>
