<?xml version="1.0" encoding="UTF-8"?>
<testsuite name="seedu.ultistudent.commons.util.ConfigUtilTest" tests="9" skipped="0" failures="0" errors="0" timestamp="2019-04-13T20:54:00" hostname="Lees-MBP-3" time="0.036">
  <properties/>
  <testcase name="read_missingFile_emptyResult" classname="seedu.ultistudent.commons.util.ConfigUtilTest" time="0.005"/>
  <testcase name="read_valuesMissingFromFile_defaultValuesUsed" classname="seedu.ultistudent.commons.util.ConfigUtilTest" time="0.013"/>
  <testcase name="read_null_throwsNullPointerException" classname="seedu.ultistudent.commons.util.ConfigUtilTest" time="0.001"/>
  <testcase name="read_fileInOrder_successfullyRead" classname="seedu.ultistudent.commons.util.ConfigUtilTest" time="0.002"/>
  <testcase name="saveConfig_allInOrder_success" classname="seedu.ultistudent.commons.util.ConfigUtilTest" time="0.007"/>
  <testcase name="read_extraValuesInFile_extraValuesIgnored" classname="seedu.ultistudent.commons.util.ConfigUtilTest" time="0.001"/>
  <testcase name="save_nullConfig_throwsNullPointerException" classname="seedu.ultistudent.commons.util.ConfigUtilTest" time="0.001"/>
  <testcase name="read_notJsonFormat_exceptionThrown" classname="seedu.ultistudent.commons.util.ConfigUtilTest" time="0.004"/>
  <testcase name="save_nullFile_throwsNullPointerException" classname="seedu.ultistudent.commons.util.ConfigUtilTest" time="0.001"/>
  <system-out><![CDATA[]]></system-out>
  <system-err><![CDATA[Apr 14, 2019 4:54:00 AM seedu.ultistudent.commons.util.JsonUtil readJsonFile
INFO: Json file src/test/data/ConfigUtilTest/NonExistentFile.json not found
Apr 14, 2019 4:54:01 AM seedu.ultistudent.commons.util.JsonUtil readJsonFile
WARNING: Error reading from jsonFile file src/test/data/ConfigUtilTest/NotJsonFormatConfig.json: com.fasterxml.jackson.core.JsonParseException: Unrecognized token 'this': was expecting 'null', 'true', 'false' or NaN
 at [Source: this file is not in json format!
; line: 1, column: 5]
]]></system-err>
</testsuite>
