<?xml version="1.0" encoding="UTF-8"?>
<testsuite name="seedu.ultistudent.model.note.UniqueNoteListTest" tests="21" skipped="0" failures="0" errors="0" timestamp="2019-04-13T20:54:01" hostname="Lees-MBP-3" time="0.006">
  <properties/>
  <testcase name="asUnmodifiableObservableList_modifyList_throwsUnsupportedOperationException" classname="seedu.ultistudent.model.note.UniqueNoteListTest" time="0.001"/>
  <testcase name="setNotes_nullList_throwsNullPointerException" classname="seedu.ultistudent.model.note.UniqueNoteListTest" time="0.0"/>
  <testcase name="contains_noteNotInList_returnsFalse" classname="seedu.ultistudent.model.note.UniqueNoteListTest" time="0.0"/>
  <testcase name="setNote_editedNoteHasNonUniqueIdentity_throwsDuplicateNoteException" classname="seedu.ultistudent.model.note.UniqueNoteListTest" time="0.001"/>
  <testcase name="remove_noteDoesNotExist_throwsNoteNotFoundException" classname="seedu.ultistudent.model.note.UniqueNoteListTest" time="0.0"/>
  <testcase name="setNote_editedNoteHasDifferentIdentity_success" classname="seedu.ultistudent.model.note.UniqueNoteListTest" time="0.0"/>
  <testcase name="setNotes_nullUniqueNotesList_throwsNullPointerException" classname="seedu.ultistudent.model.note.UniqueNoteListTest" time="0.001"/>
  <testcase name="setNote_editedNoteIsSameNote_success" classname="seedu.ultistudent.model.note.UniqueNoteListTest" time="0.0"/>
  <testcase name="setNote_editedNoteHasSameIdentity_success" classname="seedu.ultistudent.model.note.UniqueNoteListTest" time="0.0"/>
  <testcase name="setNote_nullTargetNote_throwsNullPointerException" classname="seedu.ultistudent.model.note.UniqueNoteListTest" time="0.0"/>
  <testcase name="remove_existingNote_removesNote" classname="seedu.ultistudent.model.note.UniqueNoteListTest" time="0.0"/>
  <testcase name="setNotes_list_replacesOwnListWithProvidedList" classname="seedu.ultistudent.model.note.UniqueNoteListTest" time="0.0"/>
  <testcase name="add_duplicateNote_throwsDuplicateNoteException" classname="seedu.ultistudent.model.note.UniqueNoteListTest" time="0.0"/>
  <testcase name="setNote_nullEditedNote_throwsNullPointerException" classname="seedu.ultistudent.model.note.UniqueNoteListTest" time="0.0"/>
  <testcase name="remove_nullNote_throwsNullPointerException" classname="seedu.ultistudent.model.note.UniqueNoteListTest" time="0.0"/>
  <testcase name="contains_noteInList_returnsTrue" classname="seedu.ultistudent.model.note.UniqueNoteListTest" time="0.0"/>
  <testcase name="setNotes_listWithDuplicateNotess_throwsDuplicateNoteException" classname="seedu.ultistudent.model.note.UniqueNoteListTest" time="0.0"/>
  <testcase name="setNote_targetNoteNotInList_throwsNoteNotFoundException" classname="seedu.ultistudent.model.note.UniqueNoteListTest" time="0.0"/>
  <testcase name="contains_nullNote_throwsNullPointerException" classname="seedu.ultistudent.model.note.UniqueNoteListTest" time="0.0"/>
  <testcase name="setNotes_uniqueNoteList_replacesOwnListWithProvidedUniqueNoteList" classname="seedu.ultistudent.model.note.UniqueNoteListTest" time="0.0"/>
  <testcase name="add_nullNote_throwsNullPointerException" classname="seedu.ultistudent.model.note.UniqueNoteListTest" time="0.0"/>
  <system-out><![CDATA[]]></system-out>
  <system-err><![CDATA[]]></system-err>
</testsuite>
