<?xml version="1.0" encoding="UTF-8"?>
<testsuite name="seedu.ultistudent.model.note.NoteNameContainsKeywordsPredicateTest" tests="3" skipped="0" failures="0" errors="0" timestamp="2019-04-13T20:54:01" hostname="Lees-MBP-3" time="0.001">
  <properties/>
  <testcase name="equals" classname="seedu.ultistudent.model.note.NoteNameContainsKeywordsPredicateTest" time="0.0"/>
  <testcase name="test_noteNameContainsKeywords_returnsTrue" classname="seedu.ultistudent.model.note.NoteNameContainsKeywordsPredicateTest" time="0.0"/>
  <testcase name="test_noteNameDoesNotContainKeywords_returnsFalse" classname="seedu.ultistudent.model.note.NoteNameContainsKeywordsPredicateTest" time="0.001"/>
  <system-out><![CDATA[]]></system-out>
  <system-err><![CDATA[]]></system-err>
</testsuite>
