<?xml version="1.0" encoding="UTF-8"?>
<testsuite name="seedu.ultistudent.logic.parser.AddCapEntryCommandParserTest" tests="4" skipped="0" failures="0" errors="0" timestamp="2019-04-15T02:56:21" hostname="r-131-100-25-172.comp.nus.edu.sg" time="0.061">
  <properties/>
  <testcase name="parse_validArgs_returnsAddCapEntryCommand" classname="seedu.ultistudent.logic.parser.AddCapEntryCommandParserTest" time="0.035"/>
  <testcase name="parse_allFieldsPresent_success" classname="seedu.ultistudent.logic.parser.AddCapEntryCommandParserTest" time="0.025"/>
  <testcase name="parse_invalidGradeFormatArgs_throwsParseException" classname="seedu.ultistudent.logic.parser.AddCapEntryCommandParserTest" time="0.0"/>
  <testcase name="parse_compulsoryFieldMissing_failure" classname="seedu.ultistudent.logic.parser.AddCapEntryCommandParserTest" time="0.0"/>
  <system-out><![CDATA[]]></system-out>
  <system-err><![CDATA[]]></system-err>
</testsuite>
