<?xml version="1.0" encoding="UTF-8"?>
<testsuite name="seedu.ultistudent.logic.parser.EditCapEntryCommandParserTest" tests="8" skipped="0" failures="0" errors="0" timestamp="2019-04-13T20:54:01" hostname="Lees-MBP-3" time="0.037">
  <properties/>
  <testcase name="parse_someFieldsSpecified_success" classname="seedu.ultistudent.logic.parser.EditCapEntryCommandParserTest" time="0.007"/>
  <testcase name="parse_oneFieldSpecified_success" classname="seedu.ultistudent.logic.parser.EditCapEntryCommandParserTest" time="0.001"/>
  <testcase name="parse_missingParts_failure" classname="seedu.ultistudent.logic.parser.EditCapEntryCommandParserTest" time="0.001"/>
  <testcase name="parse_invalidPreamble_failure" classname="seedu.ultistudent.logic.parser.EditCapEntryCommandParserTest" time="0.0"/>
  <testcase name="parse_allFieldsSpecified_success" classname="seedu.ultistudent.logic.parser.EditCapEntryCommandParserTest" time="0.007"/>
  <testcase name="parse_invalidValue_failure" classname="seedu.ultistudent.logic.parser.EditCapEntryCommandParserTest" time="0.006"/>
  <testcase name="parse_multipleRepeatedFields_acceptsLast" classname="seedu.ultistudent.logic.parser.EditCapEntryCommandParserTest" time="0.011"/>
  <testcase name="parse_invalidValueFollowedByValidValue_success" classname="seedu.ultistudent.logic.parser.EditCapEntryCommandParserTest" time="0.002"/>
  <system-out><![CDATA[]]></system-out>
  <system-err><![CDATA[]]></system-err>
</testsuite>
