<?xml version="1.0" encoding="UTF-8"?>
<testsuite name="seedu.ultistudent.logic.commands.AddHomeworkCommandTest" tests="3" skipped="0" failures="0" errors="0" timestamp="2019-04-13T20:54:01" hostname="Lees-MBP-3" time="0.002">
  <properties/>
  <testcase name="equals" classname="seedu.ultistudent.logic.commands.AddHomeworkCommandTest" time="0.0"/>
  <testcase name="execute_duplicateHomework_throwsCommandException" classname="seedu.ultistudent.logic.commands.AddHomeworkCommandTest" time="0.001"/>
  <testcase name="constructor_nullHomework_throwsNullPointerException" classname="seedu.ultistudent.logic.commands.AddHomeworkCommandTest" time="0.0"/>
  <system-out><![CDATA[]]></system-out>
  <system-err><![CDATA[]]></system-err>
</testsuite>
