<?xml version="1.0" encoding="UTF-8"?>
<testsuite name="seedu.ultistudent.logic.commands.SaveNoteCommandTest" tests="2" skipped="0" failures="0" errors="0" timestamp="2019-04-15T02:56:22" hostname="r-131-100-25-172.comp.nus.edu.sg" time="0.001">
  <properties/>
  <testcase name="execute_invalidSaveNote_command" classname="seedu.ultistudent.logic.commands.SaveNoteCommandTest" time="0.0"/>
  <testcase name="execute_validSaveNote_command" classname="seedu.ultistudent.logic.commands.SaveNoteCommandTest" time="0.0"/>
  <system-out><![CDATA[]]></system-out>
  <system-err><![CDATA[]]></system-err>
</testsuite>
